<?xml version="1.0" encoding="UTF-8"?>
<!-- Generated by org.testng.reporters.JUnitReportReporter -->
<testsuite hostname="IamDeNy" name="TestConfig.TestConfig.AppTest" tests="1" failures="0" timestamp="1 Oct 2017 07:21:38 GMT" time="0.041" errors="0">
  <testcase name="testApp" time="0.041" classname="TestConfig.TestConfig.AppTest"/>
</testsuite> <!-- TestConfig.TestConfig.AppTest -->
